0 info it worked if it ends with ok
1 verbose cli [ 'C:\\Program Files\\nodejs\\\\node.exe',
1 verbose cli   'C:\\Program Files\\nodejs\\node_modules\\npm\\bin\\npm-cli.js',
1 verbose cli   'install' ]
2 info using npm@1.4.28
3 info using node@v0.10.33
4 verbose node symlink C:\Program Files\nodejs\\node.exe
5 warn package.json insta2tags@1.0.0 No description
6 warn package.json insta2tags@1.0.0 No repository field.
7 warn package.json insta2tags@1.0.0 No README data
8 verbose readDependencies using package.json deps
9 verbose install where, deps [ 'C:\\Users\\Chul Ahn\\Documents\\GitHub\\insta2tags',
9 verbose install   [ 'express', 'ejs', 'bodyparser' ] ]
10 info preinstall insta2tags@1.0.0
11 verbose readDependencies using package.json deps
12 verbose already installed skipping express@x C:\Users\Chul Ahn\Documents\GitHub\insta2tags
13 verbose already installed skipping ejs@x C:\Users\Chul Ahn\Documents\GitHub\insta2tags
14 verbose cache add [ 'bodyparser@x', null ]
15 verbose cache add name=undefined spec="bodyparser@x" args=["bodyparser@x",null]
16 verbose parsed url { protocol: null,
16 verbose parsed url   slashes: null,
16 verbose parsed url   auth: null,
16 verbose parsed url   host: null,
16 verbose parsed url   port: null,
16 verbose parsed url   hostname: null,
16 verbose parsed url   hash: null,
16 verbose parsed url   search: null,
16 verbose parsed url   query: null,
16 verbose parsed url   pathname: 'bodyparser@x',
16 verbose parsed url   path: 'bodyparser@x',
16 verbose parsed url   href: 'bodyparser@x' }
17 verbose cache add name="bodyparser" spec="x" args=["bodyparser","x"]
18 verbose parsed url { protocol: null,
18 verbose parsed url   slashes: null,
18 verbose parsed url   auth: null,
18 verbose parsed url   host: null,
18 verbose parsed url   port: null,
18 verbose parsed url   hostname: null,
18 verbose parsed url   hash: null,
18 verbose parsed url   search: null,
18 verbose parsed url   query: null,
18 verbose parsed url   pathname: 'x',
18 verbose parsed url   path: 'x',
18 verbose parsed url   href: 'x' }
19 verbose addNamed [ 'bodyparser', 'x' ]
20 verbose addNamed [ null, '*' ]
21 silly lockFile db5cf072-bodyparser-x bodyparser@x
22 verbose lock bodyparser@x C:\Users\Chul Ahn\AppData\Roaming\npm-cache\db5cf072-bodyparser-x.lock
23 silly addNameRange { name: 'bodyparser', range: '*', hasData: false }
24 verbose request where is /bodyparser
25 verbose request registry https://registry.npmjs.org/
26 verbose request id ca982923fba1e488
27 verbose url raw /bodyparser
28 verbose url resolving [ 'https://registry.npmjs.org/', './bodyparser' ]
29 verbose url resolved https://registry.npmjs.org/bodyparser
30 verbose request where is https://registry.npmjs.org/bodyparser
31 info trying registry request attempt 1 at 10:48:30
32 http GET https://registry.npmjs.org/bodyparser
33 http 404 https://registry.npmjs.org/bodyparser
34 verbose headers { date: 'Fri, 02 Jan 2015 15:48:30 GMT',
34 verbose headers   server: 'CouchDB/1.5.0 (Erlang OTP/R16B03)',
34 verbose headers   'content-type': 'application/json',
34 verbose headers   'cache-control': 'max-age=0',
34 verbose headers   'content-length': '52',
34 verbose headers   'accept-ranges': 'bytes',
34 verbose headers   via: '1.1 varnish',
34 verbose headers   age: '0',
34 verbose headers   'x-served-by': 'cache-atl6227-ATL',
34 verbose headers   'x-cache': 'MISS',
34 verbose headers   'x-cache-hits': '0',
34 verbose headers   'x-timer': 'S1420213710.492203,VS0,VE77',
34 verbose headers   'keep-alive': 'timeout=10, max=50',
34 verbose headers   connection: 'Keep-Alive' }
35 silly registry.get cb [ 404,
35 silly registry.get   { date: 'Fri, 02 Jan 2015 15:48:30 GMT',
35 silly registry.get     server: 'CouchDB/1.5.0 (Erlang OTP/R16B03)',
35 silly registry.get     'content-type': 'application/json',
35 silly registry.get     'cache-control': 'max-age=0',
35 silly registry.get     'content-length': '52',
35 silly registry.get     'accept-ranges': 'bytes',
35 silly registry.get     via: '1.1 varnish',
35 silly registry.get     age: '0',
35 silly registry.get     'x-served-by': 'cache-atl6227-ATL',
35 silly registry.get     'x-cache': 'MISS',
35 silly registry.get     'x-cache-hits': '0',
35 silly registry.get     'x-timer': 'S1420213710.492203,VS0,VE77',
35 silly registry.get     'keep-alive': 'timeout=10, max=50',
35 silly registry.get     connection: 'Keep-Alive' } ]
36 silly lockFile db5cf072-bodyparser-x bodyparser@x
37 silly lockFile db5cf072-bodyparser-x bodyparser@x
38 error 404 404 Not Found: bodyparser
38 error 404
38 error 404 'bodyparser' is not in the npm registry.
38 error 404 You should bug the author to publish it
38 error 404 It was specified as a dependency of 'insta2tags'
38 error 404
38 error 404 Note that you can also install from a
38 error 404 tarball, folder, or http url, or git url.
39 error System Windows_NT 6.2.9200
40 error command "C:\\Program Files\\nodejs\\\\node.exe" "C:\\Program Files\\nodejs\\node_modules\\npm\\bin\\npm-cli.js" "install"
41 error cwd C:\Users\Chul Ahn\Documents\GitHub\insta2tags
42 error node -v v0.10.33
43 error npm -v 1.4.28
44 error code E404
45 verbose exit [ 1, true ]
